#
# There is insufficient memory for the Java Runtime Environment to continue.
# Native memory allocation (malloc) failed to allocate 1317808 bytes for Chunk::new
# Possible reasons:
#   The system is out of physical RAM or swap space
#   The process is running with CompressedOops enabled, and the Java Heap may be blocking the growth of the native heap
# Possible solutions:
#   Reduce memory load on the system
#   Increase physical memory or swap space
#   Check if swap backing store is full
#   Decrease Java heap size (-Xmx/-Xms)
#   Decrease number of Java threads
#   Decrease Java thread stack sizes (-Xss)
#   Set larger code cache with -XX:ReservedCodeCacheSize=
#   JVM is running with Unscaled Compressed Oops mode in which the Java heap is
#     placed in the first 4GB address space. The Java Heap base address is the
#     maximum limit for the native heap growth. Please use -XX:HeapBaseMinAddress
#     to set the Java Heap base and to place the Java Heap above 4GB virtual address.
# This output file may be truncated or incomplete.
#
#  Out of Memory Error (allocation.cpp:389), pid=14120, tid=0x0000000000002038
#
# JRE version: OpenJDK Runtime Environment (8.0_242-b01) (build 1.8.0_242-release-1644-b01)
# Java VM: OpenJDK 64-Bit Server VM (25.242-b01 mixed mode windows-amd64 compressed oops)
# Failed to write core dump. Minidumps are not enabled by default on client versions of Windows
#

---------------  T H R E A D  ---------------

Current thread (0x0000000019afb000):  JavaThread "C2 CompilerThread2" daemon [_thread_in_native, id=8248, stack(0x000000001a5c0000,0x000000001a6c0000)]

Stack: [0x000000001a5c0000,0x000000001a6c0000]
[error occurred during error reporting (printing stack bounds), id 0xc0000005]

Native frames: (J=compiled Java code, j=interpreted, Vv=VM code, C=native code)


Current CompileTask:
C2:2860575 24406       4       org.objectweb.asm.ClassReader::readMethod (1061 bytes)


---------------  P R O C E S S  ---------------

Java Threads: ( => current thread )
  0x000000002f48a800 JavaThread "Cache worker for Java compile cache (D:\ViewPager\.gradle\6.5\javaCompile)" [_thread_blocked, id=9776, stack(0x00000000341b0000,0x00000000342b0000)]
  0x000000002f491800 JavaThread "Cache worker for Java compile cache (C:\Users\Admin\.gradle\caches\6.5\javaCompile)" [_thread_blocked, id=10344, stack(0x00000000340b0000,0x00000000341b0000)]
  0x000000002f490800 JavaThread "WorkerExecutor Queue Thread 4" [_thread_blocked, id=15336, stack(0x0000000033db0000,0x0000000033eb0000)]
  0x000000002f48c000 JavaThread "WorkerExecutor Queue Thread 3" [_thread_blocked, id=12680, stack(0x00000000312f0000,0x00000000313f0000)]
  0x000000002f48a000 JavaThread "WorkerExecutor Queue Thread 2" [_thread_blocked, id=11304, stack(0x0000000030a30000,0x0000000030b30000)]
  0x00000000249e4800 JavaThread "stdout" [_thread_in_native, id=9972, stack(0x00000000305f0000,0x00000000306f0000)]
  0x00000000249e1800 JavaThread "stderr" [_thread_in_native, id=7372, stack(0x0000000030730000,0x0000000030830000)]
  0x00000000249e4000 JavaThread "pool-10-thread-1" [_thread_blocked, id=14752, stack(0x00000000304f0000,0x00000000305f0000)]
  0x00000000249e2800 JavaThread "WorkerExecutor Queue" [_thread_blocked, id=9724, stack(0x00000000303f0000,0x00000000304f0000)]
  0x00000000249e7000 JavaThread "Cache worker for execution history cache (D:\ViewPager\.gradle\6.5\executionHistory)" [_thread_blocked, id=10724, stack(0x00000000302f0000,0x00000000303f0000)]
  0x000000001b606800 JavaThread "Execution worker for ':' Thread 7" [_thread_blocked, id=3644, stack(0x00000000301f0000,0x00000000302f0000)]
  0x000000001b606000 JavaThread "Execution worker for ':' Thread 6" [_thread_blocked, id=592, stack(0x00000000300f0000,0x00000000301f0000)]
  0x000000001b605000 JavaThread "Execution worker for ':' Thread 5" [_thread_in_native, id=1376, stack(0x000000002ec20000,0x000000002ed20000)]
  0x000000001b604800 JavaThread "Execution worker for ':' Thread 4" [_thread_blocked, id=14996, stack(0x000000002dea0000,0x000000002dfa0000)]
  0x000000001b603800 JavaThread "Execution worker for ':' Thread 3" [_thread_blocked, id=15356, stack(0x000000002c8d0000,0x000000002c9d0000)]
  0x000000001b607800 JavaThread "Execution worker for ':' Thread 2" [_thread_blocked, id=11256, stack(0x000000002b0b0000,0x000000002b1b0000)]
  0x000000001b602000 JavaThread "Execution worker for ':'" [_thread_blocked, id=8256, stack(0x000000002adb0000,0x000000002aeb0000)]
  0x0000000020563800 JavaThread "Cache worker for file content cache (D:\ViewPager\.gradle\6.5\fileContent)" [_thread_blocked, id=13560, stack(0x000000002acb0000,0x000000002adb0000)]
  0x0000000020561800 JavaThread "pool-9-thread-1" [_thread_blocked, id=11584, stack(0x000000002abb0000,0x000000002acb0000)]
  0x0000000020565000 JavaThread "Cache worker for Build Output Cleanup Cache (D:\ViewPager\.gradle\buildOutputCleanup)" [_thread_blocked, id=6468, stack(0x000000002aab0000,0x000000002abb0000)]
  0x000000001f39f800 JavaThread "Build operations Thread 8" [_thread_blocked, id=14032, stack(0x0000000021800000,0x0000000021900000)]
  0x000000001f3a0000 JavaThread "Build operations Thread 7" [_thread_blocked, id=14192, stack(0x0000000021700000,0x0000000021800000)]
  0x000000001f39c800 JavaThread "Build operations Thread 6" [_thread_blocked, id=10216, stack(0x0000000021600000,0x0000000021700000)]
  0x000000001f39b000 JavaThread "Build operations Thread 5" [_thread_blocked, id=13568, stack(0x0000000021500000,0x0000000021600000)]
  0x000000001f393800 JavaThread "Build operations Thread 4" [_thread_blocked, id=5264, stack(0x0000000021400000,0x0000000021500000)]
  0x000000001f39a000 JavaThread "Build operations Thread 3" [_thread_blocked, id=5640, stack(0x0000000021300000,0x0000000021400000)]
  0x000000001f392800 JavaThread "Build operations Thread 2" [_thread_blocked, id=5156, stack(0x0000000021200000,0x0000000021300000)]
  0x000000001f398800 JavaThread "Build operations" [_thread_blocked, id=14552, stack(0x00000000200b0000,0x00000000201b0000)]
  0x000000001f395800 JavaThread "Cache worker for cache directory md-rule (C:\Users\Admin\.gradle\caches\6.5\md-rule)" [_thread_blocked, id=12828, stack(0x000000001ffb0000,0x00000000200b0000)]
  0x000000001f398000 JavaThread "Cache worker for cache directory md-supplier (C:\Users\Admin\.gradle\caches\6.5\md-supplier)" [_thread_blocked, id=5280, stack(0x000000001e5e0000,0x000000001e6e0000)]
  0x000000001f395000 JavaThread "Cache worker for checksums cache (D:\ViewPager\.gradle\checksums)" [_thread_blocked, id=908, stack(0x000000001e2e0000,0x000000001e3e0000)]
  0x000000001f399800 JavaThread "Cache worker for file hash cache (D:\ViewPager\.gradle\6.5\fileHashes)" [_thread_blocked, id=6440, stack(0x000000001e0e0000,0x000000001e1e0000)]
  0x000000001f391000 JavaThread "Thread-499" [_thread_blocked, id=32, stack(0x000000001dfe0000,0x000000001e0e0000)]
  0x000000001f394000 JavaThread "Asynchronous log dispatcher for DefaultDaemonConnection: socket connection from /127.0.0.1:54413 to /127.0.0.1:52035" [_thread_blocked, id=14264, stack(0x000000001d8a0000,0x000000001d9a0000)]
  0x000000001f392000 JavaThread "Cancel handler" [_thread_blocked, id=1496, stack(0x0000000001080000,0x0000000001180000)]
  0x000000001f396800 JavaThread "Handler for socket connection from /127.0.0.1:54413 to /127.0.0.1:52035" [_thread_in_native, id=3336, stack(0x0000000000f80000,0x0000000001080000)]
  0x0000000020507800 JavaThread "MarlinRenderer Disposer" daemon [_thread_blocked, id=14200, stack(0x0000000030df0000,0x0000000030ef0000)]
  0x000000002050e800 JavaThread "Java2D Disposer" daemon [_thread_blocked, id=15192, stack(0x0000000031420000,0x0000000031520000)]
  0x00000000210f4800 JavaThread "Daemon worker Thread 4" [_thread_blocked, id=6580, stack(0x000000001d7a0000,0x000000001d8a0000)]
  0x00000000210f7000 JavaThread "Daemon Thread 4" [_thread_blocked, id=2476, stack(0x0000000000e80000,0x0000000000f80000)]
  0x00000000210fa000 JavaThread "Memory manager" [_thread_blocked, id=4604, stack(0x000000002bdb0000,0x000000002beb0000)]
  0x000000001f6d8800 JavaThread "Cache worker for file content cache (C:\Users\Admin\.gradle\caches\6.5\fileContent)" [_thread_blocked, id=5884, stack(0x0000000023600000,0x0000000023700000)]
  0x000000001f6d5800 JavaThread "Cache worker for execution history cache (C:\Users\Admin\.gradle\caches\6.5\executionHistory)" [_thread_blocked, id=9620, stack(0x0000000023100000,0x0000000023200000)]
  0x000000001b603000 JavaThread "Cache worker for file hash cache (C:\Users\Admin\.gradle\caches\6.5\fileHashes)" [_thread_blocked, id=13424, stack(0x000000001eae0000,0x000000001ebe0000)]
  0x000000001b601800 JavaThread "File lock request listener" [_thread_in_native, id=2932, stack(0x000000001e9e0000,0x000000001eae0000)]
  0x000000001ad37800 JavaThread "Cache worker for journal cache (C:\Users\Admin\.gradle\caches\journal-1)" [_thread_blocked, id=12768, stack(0x000000001e8e0000,0x000000001e9e0000)]
  0x000000001c2ed800 JavaThread "Daemon periodic checks" [_thread_blocked, id=9984, stack(0x000000001dbe0000,0x000000001dce0000)]
  0x000000001c25c800 JavaThread "Incoming local TCP Connector on port 54413" [_thread_in_native, id=4020, stack(0x000000001d9a0000,0x000000001daa0000)]
  0x0000000019c14000 JavaThread "Daemon health stats" [_thread_blocked, id=10540, stack(0x000000001d360000,0x000000001d460000)]
  0x0000000019b88000 JavaThread "Service Thread" daemon [_thread_blocked, id=1368, stack(0x000000001a7c0000,0x000000001a8c0000)]
  0x0000000019b0b000 JavaThread "C1 CompilerThread3" daemon [_thread_blocked, id=10916, stack(0x000000001a6c0000,0x000000001a7c0000)]
=>0x0000000019afb000 JavaThread "C2 CompilerThread2" daemon [_thread_in_native, id=8248, stack(0x000000001a5c0000,0x000000001a6c0000)]
  0x0000000017cec000 JavaThread "C2 CompilerThread1" daemon [_thread_in_vm, id=15132, stack(0x000000001a4c0000,0x000000001a5c0000)]
  0x0000000017ce9000 JavaThread "C2 CompilerThread0" daemon [_thread_in_native, id=4492, stack(0x000000001a3c0000,0x000000001a4c0000)]
  0x0000000019af3800 JavaThread "Attach Listener" daemon [_thread_blocked, id=3584, stack(0x000000001a2c0000,0x000000001a3c0000)]
  0x0000000019af6000 JavaThread "Signal Dispatcher" daemon [_thread_blocked, id=15048, stack(0x000000001a1c0000,0x000000001a2c0000)]
  0x0000000002c6e000 JavaThread "Finalizer" daemon [_thread_blocked, id=12540, stack(0x0000000019fc0000,0x000000001a0c0000)]
  0x0000000002c67000 JavaThread "Reference Handler" daemon [_thread_blocked, id=6064, stack(0x0000000019ec0000,0x0000000019fc0000)]
  0x0000000002b6e800 JavaThread "main" [_thread_blocked, id=5388, stack(0x00000000029e0000,0x0000000002ae0000)]

Other Threads:
  0x0000000017cd6000 VMThread [stack: 0x00000000199c0000,0x0000000019ac0000] [id=15184]
  0x0000000019b88800 WatcherThread [stack: 0x000000001a8c0000,0x000000001a9c0000] [id=13412]

VM state:not at safepoint (normal execution)

VM Mutex/Monitor currently owned by a thread: None

heap address: 0x0000000080000000, size: 2048 MB, Compressed Oops mode: 32-bit
Narrow klass base: 0x0000000000000000, Narrow klass shift: 3
Compressed class space size: 1073741824 Address: 0x0000000100000000

Heap:
 PSYoungGen      total 292352K, used 215070K [0x00000000d5580000, 0x00000000ec280000, 0x0000000100000000)
  eden space 244736K, 85% used [0x00000000d5580000,0x00000000e22cf528,0x00000000e4480000)
  from space 47616K, 10% used [0x00000000e4480000,0x00000000e49383a8,0x00000000e7300000)
  to   space 46080K, 0% used [0x00000000e9580000,0x00000000e9580000,0x00000000ec280000)
 ParOldGen       total 189440K, used 161577K [0x0000000080000000, 0x000000008b900000, 0x00000000d5580000)
  object space 189440K, 85% used [0x0000000080000000,0x0000000089dca450,0x000000008b900000)
 Metaspace       used 116187K, capacity 122900K, committed 123096K, reserved 1157120K
  class space    used 15034K, capacity 16277K, committed 16384K, reserved 1048576K

Card table byte_map: [0x0000000012030000,0x0000000012440000] byte_map_base: 0x0000000011c30000

Marking Bits: (ParMarkBitMap*) 0x000000005b00f030
 Begin Bits: [0x0000000012ef0000, 0x0000000014ef0000)
 End Bits:   [0x0000000014ef0000, 0x0000000016ef0000)

Polling page: 0x0000000000ca0000

CodeCache: size=245760Kb used=69800Kb max_used=69848Kb free=175959Kb
 bounds [0x0000000002c70000, 0x0000000007120000, 0x0000000011c70000]
 total_blobs=20789 nmethods=19733 adapters=964
 compilation: enabled

Compilation events (10 events):
Event: 2860.448 Thread 0x0000000017cec000 nmethod 24427 0x00000000031c1350 code [0x00000000031c14a0, 0x00000000031c18f8]
Event: 2860.448 Thread 0x0000000017cec000 24428       4       org.gradle.api.internal.tasks.compile.incremental.asm.ClassRelevancyFilter::apply (9 bytes)
Event: 2860.467 Thread 0x0000000019b0b000 24566       1       org.gradle.api.internal.tasks.properties.OutputFilePropertyType::getValidationAction (5 bytes)
Event: 2860.468 Thread 0x0000000019b0b000 nmethod 24566 0x0000000005703910 code [0x0000000005703a60, 0x0000000005703b70]
Event: 2860.480 Thread 0x0000000017cec000 nmethod 24428 0x0000000007098550 code [0x00000000070986a0, 0x0000000007098b38]
Event: 2860.480 Thread 0x0000000017cec000 24404       4       java.lang.Math::ceil (5 bytes)
Event: 2860.486 Thread 0x0000000017cec000 nmethod 24404 0x00000000057065d0 code [0x0000000005706740, 0x0000000005706838]
Event: 2860.492 Thread 0x0000000017cec000 24568       4       java.util.concurrent.FutureTask::awaitDone (171 bytes)
Event: 2860.509 Thread 0x0000000017cec000 nmethod 24568 0x0000000005702590 code [0x0000000005702700, 0x0000000005702a48]
Event: 2860.523 Thread 0x0000000017cec000 24394       4       java.lang.Integer::toString (8 bytes)

GC Heap History (10 events):
Event: 2802.225 GC heap before
{Heap before GC invocations=33 (full 4):
 PSYoungGen      total 223232K, used 223213K [0x00000000d5580000, 0x00000000e5d00000, 0x0000000100000000)
  eden space 196608K, 100% used [0x00000000d5580000,0x00000000e1580000,0x00000000e1580000)
  from space 26624K, 99% used [0x00000000e3680000,0x00000000e507b618,0x00000000e5080000)
  to   space 33792K, 0% used [0x00000000e1580000,0x00000000e1580000,0x00000000e3680000)
 ParOldGen       total 189440K, used 92413K [0x0000000080000000, 0x000000008b900000, 0x00000000d5580000)
  object space 189440K, 48% used [0x0000000080000000,0x0000000085a3f508,0x000000008b900000)
 Metaspace       used 108005K, capacity 114340K, committed 114520K, reserved 1148928K
  class space    used 14148K, capacity 15318K, committed 15488K, reserved 1048576K
Event: 2802.247 GC heap after
Heap after GC invocations=33 (full 4):
 PSYoungGen      total 230400K, used 3457K [0x00000000d5580000, 0x00000000e7780000, 0x0000000100000000)
  eden space 196608K, 0% used [0x00000000d5580000,0x00000000d5580000,0x00000000e1580000)
  from space 33792K, 10% used [0x00000000e1580000,0x00000000e18e0548,0x00000000e3680000)
  to   space 33792K, 0% used [0x00000000e5680000,0x00000000e5680000,0x00000000e7780000)
 ParOldGen       total 189440K, used 108372K [0x0000000080000000, 0x000000008b900000, 0x00000000d5580000)
  object space 189440K, 57% used [0x0000000080000000,0x00000000869d5208,0x000000008b900000)
 Metaspace       used 108005K, capacity 114340K, committed 114520K, reserved 1148928K
  class space    used 14148K, capacity 15318K, committed 15488K, reserved 1048576K
}
Event: 2803.584 GC heap before
{Heap before GC invocations=34 (full 4):
 PSYoungGen      total 230400K, used 200065K [0x00000000d5580000, 0x00000000e7780000, 0x0000000100000000)
  eden space 196608K, 100% used [0x00000000d5580000,0x00000000e1580000,0x00000000e1580000)
  from space 33792K, 10% used [0x00000000e1580000,0x00000000e18e0548,0x00000000e3680000)
  to   space 33792K, 0% used [0x00000000e5680000,0x00000000e5680000,0x00000000e7780000)
 ParOldGen       total 189440K, used 108372K [0x0000000080000000, 0x000000008b900000, 0x00000000d5580000)
  object space 189440K, 57% used [0x0000000080000000,0x00000000869d5208,0x000000008b900000)
 Metaspace       used 108598K, capacity 115008K, committed 115288K, reserved 1148928K
  class space    used 14152K, capacity 15324K, committed 15488K, reserved 1048576K
Event: 2803.594 GC heap after
Heap after GC invocations=34 (full 4):
 PSYoungGen      total 258048K, used 2949K [0x00000000d5580000, 0x00000000e7480000, 0x0000000100000000)
  eden space 227328K, 0% used [0x00000000d5580000,0x00000000d5580000,0x00000000e3380000)
  from space 30720K, 9% used [0x00000000e5680000,0x00000000e59616d8,0x00000000e7480000)
  to   space 33280K, 0% used [0x00000000e3380000,0x00000000e3380000,0x00000000e5400000)
 ParOldGen       total 189440K, used 110558K [0x0000000080000000, 0x000000008b900000, 0x00000000d5580000)
  object space 189440K, 58% used [0x0000000080000000,0x0000000086bf79e8,0x000000008b900000)
 Metaspace       used 108598K, capacity 115008K, committed 115288K, reserved 1148928K
  class space    used 14152K, capacity 15324K, committed 15488K, reserved 1048576K
}
Event: 2806.399 GC heap before
{Heap before GC invocations=35 (full 4):
 PSYoungGen      total 258048K, used 230277K [0x00000000d5580000, 0x00000000e7480000, 0x0000000100000000)
  eden space 227328K, 100% used [0x00000000d5580000,0x00000000e3380000,0x00000000e3380000)
  from space 30720K, 9% used [0x00000000e5680000,0x00000000e59616d8,0x00000000e7480000)
  to   space 33280K, 0% used [0x00000000e3380000,0x00000000e3380000,0x00000000e5400000)
 ParOldGen       total 189440K, used 110558K [0x0000000080000000, 0x000000008b900000, 0x00000000d5580000)
  object space 189440K, 58% used [0x0000000080000000,0x0000000086bf79e8,0x000000008b900000)
 Metaspace       used 108742K, capacity 115186K, committed 115544K, reserved 1148928K
  class space    used 14153K, capacity 15357K, committed 15488K, reserved 1048576K
Event: 2806.410 GC heap after
Heap after GC invocations=35 (full 4):
 PSYoungGen      total 260608K, used 4534K [0x00000000d5580000, 0x00000000e9300000, 0x0000000100000000)
  eden space 227328K, 0% used [0x00000000d5580000,0x00000000d5580000,0x00000000e3380000)
  from space 33280K, 13% used [0x00000000e3380000,0x00000000e37ed878,0x00000000e5400000)
  to   space 32768K, 0% used [0x00000000e7300000,0x00000000e7300000,0x00000000e9300000)
 ParOldGen       total 189440K, used 112983K [0x0000000080000000, 0x000000008b900000, 0x00000000d5580000)
  object space 189440K, 59% used [0x0000000080000000,0x0000000086e55f98,0x000000008b900000)
 Metaspace       used 108742K, capacity 115186K, committed 115544K, reserved 1148928K
  class space    used 14153K, capacity 15357K, committed 15488K, reserved 1048576K
}
Event: 2810.777 GC heap before
{Heap before GC invocations=36 (full 4):
 PSYoungGen      total 260608K, used 231427K [0x00000000d5580000, 0x00000000e9300000, 0x0000000100000000)
  eden space 227328K, 99% used [0x00000000d5580000,0x00000000e33134d0,0x00000000e3380000)
  from space 33280K, 13% used [0x00000000e3380000,0x00000000e37ed878,0x00000000e5400000)
  to   space 32768K, 0% used [0x00000000e7300000,0x00000000e7300000,0x00000000e9300000)
 ParOldGen       total 189440K, used 112983K [0x0000000080000000, 0x000000008b900000, 0x00000000d5580000)
  object space 189440K, 59% used [0x0000000080000000,0x0000000086e55f98,0x000000008b900000)
 Metaspace       used 109752K, capacity 116294K, committed 116440K, reserved 1150976K
  class space    used 14244K, capacity 15491K, committed 15616K, reserved 1048576K
Event: 2810.933 GC heap after
Heap after GC invocations=36 (full 4):
 PSYoungGen      total 277504K, used 32760K [0x00000000d5580000, 0x00000000eb680000, 0x0000000100000000)
  eden space 244736K, 0% used [0x00000000d5580000,0x00000000d5580000,0x00000000e4480000)
  from space 32768K, 99% used [0x00000000e7300000,0x00000000e92fe3a0,0x00000000e9300000)
  to   space 47616K, 0% used [0x00000000e4480000,0x00000000e4480000,0x00000000e7300000)
 ParOldGen       total 189440K, used 137346K [0x0000000080000000, 0x000000008b900000, 0x00000000d5580000)
  object space 189440K, 72% used [0x0000000080000000,0x0000000088620be8,0x000000008b900000)
 Metaspace       used 109752K, capacity 116294K, committed 116440K, reserved 1150976K
  class space    used 14244K, capacity 15491K, committed 15616K, reserved 1048576K
}
Event: 2837.449 GC heap before
{Heap before GC invocations=37 (full 4):
 PSYoungGen      total 277504K, used 277496K [0x00000000d5580000, 0x00000000eb680000, 0x0000000100000000)
  eden space 244736K, 100% used [0x00000000d5580000,0x00000000e4480000,0x00000000e4480000)
  from space 32768K, 99% used [0x00000000e7300000,0x00000000e92fe3a0,0x00000000e9300000)
  to   space 47616K, 0% used [0x00000000e4480000,0x00000000e4480000,0x00000000e7300000)
 ParOldGen       total 189440K, used 137346K [0x0000000080000000, 0x000000008b900000, 0x00000000d5580000)
  object space 189440K, 72% used [0x0000000080000000,0x0000000088620be8,0x000000008b900000)
 Metaspace       used 110541K, capacity 117144K, committed 117336K, reserved 1150976K
  class space    used 14316K, capacity 15558K, committed 15744K, reserved 1048576K
Event: 2838.318 GC heap after
Heap after GC invocations=37 (full 4):
 PSYoungGen      total 292352K, used 4832K [0x00000000d5580000, 0x00000000ec280000, 0x0000000100000000)
  eden space 244736K, 0% used [0x00000000d5580000,0x00000000d5580000,0x00000000e4480000)
  from space 47616K, 10% used [0x00000000e4480000,0x00000000e49383a8,0x00000000e7300000)
  to   space 46080K, 0% used [0x00000000e9580000,0x00000000e9580000,0x00000000ec280000)
 ParOldGen       total 189440K, used 161577K [0x0000000080000000, 0x000000008b900000, 0x00000000d5580000)
  object space 189440K, 85% used [0x0000000080000000,0x0000000089dca450,0x000000008b900000)
 Metaspace       used 110541K, capacity 117144K, committed 117336K, reserved 1150976K
  class space    used 14316K, capacity 15558K, committed 15744K, reserved 1048576K
}

Deoptimization events (10 events):
Event: 2858.898 Thread 0x000000001f3a0000 Uncommon trap: reason=bimorphic action=maybe_recompile pc=0x00000000058cbfb8 method=org.objectweb.asm.ClassReader.readCode(Lorg/objectweb/asm/MethodVisitor;Lorg/objectweb/asm/Context;I)V @ 3856
Event: 2858.898 Thread 0x000000001f3a0000 Uncommon trap: reason=bimorphic action=maybe_recompile pc=0x00000000058cbfb8 method=org.objectweb.asm.ClassReader.readCode(Lorg/objectweb/asm/MethodVisitor;Lorg/objectweb/asm/Context;I)V @ 3856
Event: 2858.898 Thread 0x000000001f3a0000 Uncommon trap: reason=bimorphic action=maybe_recompile pc=0x00000000030bcd90 method=org.objectweb.asm.ClassReader.readElementValues(Lorg/objectweb/asm/AnnotationVisitor;IZ[C)I @ 82
Event: 2858.898 Thread 0x000000001f3a0000 Uncommon trap: reason=bimorphic action=maybe_recompile pc=0x00000000030bcd90 method=org.objectweb.asm.ClassReader.readElementValues(Lorg/objectweb/asm/AnnotationVisitor;IZ[C)I @ 82
Event: 2858.898 Thread 0x000000001f3a0000 Uncommon trap: reason=bimorphic action=maybe_recompile pc=0x00000000058cbfb8 method=org.objectweb.asm.ClassReader.readCode(Lorg/objectweb/asm/MethodVisitor;Lorg/objectweb/asm/Context;I)V @ 3856
Event: 2858.898 Thread 0x000000001f3a0000 Uncommon trap: reason=bimorphic action=maybe_recompile pc=0x00000000058cbfb8 method=org.objectweb.asm.ClassReader.readCode(Lorg/objectweb/asm/MethodVisitor;Lorg/objectweb/asm/Context;I)V @ 3856
Event: 2859.038 Thread 0x000000001f39f800 Uncommon trap: reason=unstable_if action=reinterpret pc=0x000000000701b37c method=java.lang.Integer.toString(I)Ljava/lang/String; @ 10
Event: 2859.593 Thread 0x000000001f398800 Uncommon trap: reason=unstable_if action=reinterpret pc=0x00000000070a6440 method=org.objectweb.asm.ClassReader.accept(Lorg/objectweb/asm/ClassVisitor;[Lorg/objectweb/asm/Attribute;I)V @ 269
Event: 2860.330 Thread 0x000000001b605000 Uncommon trap: reason=unstable_if action=reinterpret pc=0x0000000004ec56e4 method=org.gradle.api.internal.tasks.compile.tooling.JavaCompileTaskSuccessResultPostProcessor.finished(Lorg/gradle/internal/operations/BuildOperationDescriptor;Lorg/gradle/interna
Event: 2860.386 Thread 0x00000000249e7000 Uncommon trap: reason=unstable_if action=reinterpret pc=0x0000000005987268 method=org.gradle.cache.internal.btree.FreeListBlockStore$FreeListBlock.alloc(Lorg/gradle/cache/internal/btree/Block;)V @ 22

Classes redefined (0 events):
No events

Internal exceptions (10 events):
Event: 2835.731 Thread 0x000000001f39c800 Exception <a 'sun/nio/fs/WindowsException'> (0x00000000dde4da38) thrown at [C:\src\AOSP-openjdk-git\hotspot\src\share\vm\prims\jni.cpp, line 710]
Event: 2835.848 Thread 0x000000001f39a000 Exception <a 'sun/nio/fs/WindowsException'> (0x00000000de3aaa80) thrown at [C:\src\AOSP-openjdk-git\hotspot\src\share\vm\prims\jni.cpp, line 710]
Event: 2835.872 Thread 0x000000001f398800 Exception <a 'sun/nio/fs/WindowsException'> (0x00000000de0cf098) thrown at [C:\src\AOSP-openjdk-git\hotspot\src\share\vm\prims\jni.cpp, line 710]
Event: 2848.717 Thread 0x000000001b605000 Exception <a 'sun/nio/fs/WindowsException'> (0x00000000db5a2be0) thrown at [C:\src\AOSP-openjdk-git\hotspot\src\share\vm\prims\jni.cpp, line 710]
Event: 2848.719 Thread 0x000000001b605000 Exception <a 'sun/nio/fs/WindowsException'> (0x00000000db5a3890) thrown at [C:\src\AOSP-openjdk-git\hotspot\src\share\vm\prims\jni.cpp, line 710]
Event: 2848.723 Thread 0x000000001b605000 Exception <a 'sun/nio/fs/WindowsException'> (0x00000000db5a9c10) thrown at [C:\src\AOSP-openjdk-git\hotspot\src\share\vm\prims\jni.cpp, line 710]
Event: 2848.724 Thread 0x000000001b605000 Exception <a 'sun/nio/fs/WindowsException'> (0x00000000db5aa908) thrown at [C:\src\AOSP-openjdk-git\hotspot\src\share\vm\prims\jni.cpp, line 710]
Event: 2848.724 Thread 0x000000001b605000 Exception <a 'sun/nio/fs/WindowsException'> (0x00000000db5ac818) thrown at [C:\src\AOSP-openjdk-git\hotspot\src\share\vm\prims\jni.cpp, line 710]
Event: 2848.725 Thread 0x000000001b605000 Exception <a 'sun/nio/fs/WindowsException'> (0x00000000db5ad520) thrown at [C:\src\AOSP-openjdk-git\hotspot\src\share\vm\prims\jni.cpp, line 710]
Event: 2860.423 Thread 0x000000001f391000 Exception <a 'java/lang/NoSuchMethodError': <clinit>> (0x00000000e221e5a0) thrown at [C:\src\AOSP-openjdk-git\hotspot\src\share\vm\prims\jni.cpp, line 1615]

Events (10 events):
Event: 2860.523 Thread 0x0000000017cec000 flushing nmethod 0x0000000006a313d0
Event: 2860.523 Thread 0x0000000017cec000 flushing nmethod 0x0000000006a32d90
Event: 2860.523 Thread 0x0000000017cec000 flushing nmethod 0x0000000006a33790
Event: 2860.523 Thread 0x0000000017cec000 flushing nmethod 0x0000000006a33f90
Event: 2860.523 Thread 0x0000000017cec000 flushing nmethod 0x0000000006a35ed0
Event: 2860.523 Thread 0x0000000017cec000 flushing nmethod 0x0000000006a36790
Event: 2860.543 loading class org/gradle/api/specs/Spec
Event: 2860.543 loading class org/gradle/api/specs/Spec done
Event: 2860.547 loading class com/android/build/gradle/internal/dependency/ProvidedClasspathSubtractor$getFileToIds$info$1
Event: 2860.547 loading class com/android/build/gradle/internal/dependency/ProvidedClasspathSubtractor$getFileToIds$info$1 done


Dynamic libraries:
0x00007ff62d090000 - 0x00007ff62d0c1000 	C:\Program Files\Android\Android Studio\jre\bin\java.exe
0x00007ffbd5b10000 - 0x00007ffbd5d05000 	C:\WINDOWS\SYSTEM32\ntdll.dll
0x00007ffbd3d40000 - 0x00007ffbd3dfd000 	C:\WINDOWS\System32\KERNEL32.DLL
0x00007ffbd3590000 - 0x00007ffbd3859000 	C:\WINDOWS\System32\KERNELBASE.dll
0x00007ffbd5150000 - 0x00007ffbd51fc000 	C:\WINDOWS\System32\ADVAPI32.dll
0x00007ffbd5990000 - 0x00007ffbd5a2e000 	C:\WINDOWS\System32\msvcrt.dll
0x00007ffbd5a30000 - 0x00007ffbd5acb000 	C:\WINDOWS\System32\sechost.dll
0x00007ffbd3b80000 - 0x00007ffbd3caa000 	C:\WINDOWS\System32\RPCRT4.dll
0x00007ffbd4c50000 - 0x00007ffbd4df0000 	C:\WINDOWS\System32\USER32.dll
0x00007ffbd3460000 - 0x00007ffbd3482000 	C:\WINDOWS\System32\win32u.dll
0x00007ffbd3ed0000 - 0x00007ffbd3efa000 	C:\WINDOWS\System32\GDI32.dll
0x00007ffbd3350000 - 0x00007ffbd345b000 	C:\WINDOWS\System32\gdi32full.dll
0x00007ffbd3490000 - 0x00007ffbd352d000 	C:\WINDOWS\System32\msvcp_win.dll
0x00007ffbd3a80000 - 0x00007ffbd3b80000 	C:\WINDOWS\System32\ucrtbase.dll
0x00007ffbafb20000 - 0x00007ffbafdba000 	C:\WINDOWS\WinSxS\amd64_microsoft.windows.common-controls_6595b64144ccf1df_6.0.19041.1110_none_60b5254171f9507e\COMCTL32.dll
0x00007ffbd52c0000 - 0x00007ffbd52f0000 	C:\WINDOWS\System32\IMM32.DLL
0x000000005b150000 - 0x000000005b222000 	C:\Program Files\Android\Android Studio\jre\jre\bin\msvcr100.dll
0x000000005a840000 - 0x000000005b08b000 	C:\Program Files\Android\Android Studio\jre\jre\bin\server\jvm.dll
0x00007ffbd4490000 - 0x00007ffbd4498000 	C:\WINDOWS\System32\PSAPI.DLL
0x00007ffbb3760000 - 0x00007ffbb3787000 	C:\WINDOWS\SYSTEM32\WINMM.dll
0x00007ffbb0b30000 - 0x00007ffbb0b39000 	C:\WINDOWS\SYSTEM32\WSOCK32.dll
0x00007ffbca2d0000 - 0x00007ffbca2da000 	C:\WINDOWS\SYSTEM32\VERSION.dll
0x00007ffbd3f00000 - 0x00007ffbd3f6b000 	C:\WINDOWS\System32\WS2_32.dll
0x00007ffbc5150000 - 0x00007ffbc515f000 	C:\Program Files\Android\Android Studio\jre\jre\bin\verify.dll
0x00007ffbc5090000 - 0x00007ffbc50b9000 	C:\Program Files\Android\Android Studio\jre\jre\bin\java.dll
0x00007ffbc5130000 - 0x00007ffbc5146000 	C:\Program Files\Android\Android Studio\jre\jre\bin\zip.dll
0x00007ffbd4510000 - 0x00007ffbd4c4f000 	C:\WINDOWS\System32\SHELL32.dll
0x00007ffbd1270000 - 0x00007ffbd1a01000 	C:\WINDOWS\SYSTEM32\windows.storage.dll
0x00007ffbd4df0000 - 0x00007ffbd5145000 	C:\WINDOWS\System32\combase.dll
0x00007ffbd2bf0000 - 0x00007ffbd2c1c000 	C:\WINDOWS\SYSTEM32\Wldp.dll
0x00007ffbd52f0000 - 0x00007ffbd539e000 	C:\WINDOWS\System32\SHCORE.dll
0x00007ffbd54c0000 - 0x00007ffbd5515000 	C:\WINDOWS\System32\shlwapi.dll
0x00007ffbd3190000 - 0x00007ffbd31af000 	C:\WINDOWS\SYSTEM32\profapi.dll
0x00007ffbc5070000 - 0x00007ffbc508a000 	C:\Program Files\Android\Android Studio\jre\jre\bin\net.dll
0x00007ffbd2950000 - 0x00007ffbd29ba000 	C:\WINDOWS\system32\mswsock.dll
0x00007ffbc5050000 - 0x00007ffbc5063000 	C:\Program Files\Android\Android Studio\jre\jre\bin\nio.dll
0x00007ffbbd600000 - 0x00007ffbbd627000 	C:\Users\Admin\.gradle\native\f6784746aeab05261644944871eae4fe03e0ef1612fff0a4a95f87b438bc6780\windows-amd64\native-platform.dll
0x00007ffbc5100000 - 0x00007ffbc510d000 	C:\Program Files\Android\Android Studio\jre\jre\bin\management.dll
0x00007ffbd2b30000 - 0x00007ffbd2b48000 	C:\WINDOWS\SYSTEM32\CRYPTSP.dll
0x00007ffbd22f0000 - 0x00007ffbd2324000 	C:\WINDOWS\system32\rsaenh.dll
0x00007ffbd3a50000 - 0x00007ffbd3a77000 	C:\WINDOWS\System32\bcrypt.dll
0x00007ffbd3110000 - 0x00007ffbd313e000 	C:\WINDOWS\SYSTEM32\USERENV.dll
0x00007ffbd3860000 - 0x00007ffbd38e3000 	C:\WINDOWS\System32\bcryptprimitives.dll
0x00007ffbd2b50000 - 0x00007ffbd2b5c000 	C:\WINDOWS\SYSTEM32\CRYPTBASE.dll
0x00007ffbd2640000 - 0x00007ffbd267b000 	C:\WINDOWS\SYSTEM32\IPHLPAPI.DLL
0x00007ffbd52b0000 - 0x00007ffbd52b8000 	C:\WINDOWS\System32\NSI.dll
0x00007ffbcd420000 - 0x00007ffbcd437000 	C:\WINDOWS\SYSTEM32\dhcpcsvc6.DLL
0x00007ffbcc920000 - 0x00007ffbcc93d000 	C:\WINDOWS\SYSTEM32\dhcpcsvc.DLL
0x00007ffbd2680000 - 0x00007ffbd274c000 	C:\WINDOWS\SYSTEM32\DNSAPI.dll
0x00007ffbc8f10000 - 0x00007ffbc8f1b000 	C:\WINDOWS\SYSTEM32\WINNSI.DLL
0x00007ffb928e0000 - 0x00007ffb92904000 	C:\Program Files\Android\Android Studio\jre\jre\bin\sunec.dll
0x00007ffbc95e0000 - 0x00007ffbc95ea000 	C:\Windows\System32\rasadhlp.dll
0x00007ffbbca30000 - 0x00007ffbbcaaf000 	C:\WINDOWS\System32\fwpuclnt.dll
0x00007ffbc51c0000 - 0x00007ffbc51cb000 	C:\Program Files\Android\Android Studio\jre\jre\bin\sunmscapi.dll
0x00007ffbd38f0000 - 0x00007ffbd3a4f000 	C:\WINDOWS\System32\CRYPT32.dll
0x00007ffbd1f80000 - 0x00007ffbd1fb3000 	C:\WINDOWS\SYSTEM32\ntmarta.dll
0x00007ffb8b580000 - 0x00007ffb8b71c000 	C:\Program Files\Android\Android Studio\jre\jre\bin\awt.dll
0x00007ffbd3e00000 - 0x00007ffbd3ecd000 	C:\WINDOWS\System32\OLEAUT32.dll
0x00007ffbd0bf0000 - 0x00007ffbd0c1f000 	C:\WINDOWS\SYSTEM32\dwmapi.dll
0x00007ffbca300000 - 0x00007ffbca8c0000 	C:\WINDOWS\SYSTEM32\d2d1.dll
0x00007ffbcd390000 - 0x00007ffbcd420000 	C:\WINDOWS\SYSTEM32\apphelp.dll
0x00007ffbcd7c0000 - 0x00007ffbcd85e000 	C:\WINDOWS\system32\uxtheme.dll

VM Arguments:
jvm_args: -Xmx2048m -Dfile.encoding=UTF-8 -Duser.country=US -Duser.language=en -Duser.variant 
java_command: org.gradle.launcher.daemon.bootstrap.GradleDaemon 6.5
java_class_path (initial): C:\Users\Admin\.gradle\wrapper\dists\gradle-6.5-bin\6nifqtx7604sqp1q6g8wikw7p\gradle-6.5\lib\gradle-launcher-6.5.jar
Launcher Type: SUN_STANDARD

Environment Variables:
PATH=C:\Program Files (x86)\VMware\VMware Workstation\bin\;C:\ProgramData\Oracle\Java\javapath;C:\Program Files\Common Files\Oracle\Java\javapath;C:\WINDOWS\system32;C:\WINDOWS;C:\WINDOWS\System32\Wbem;C:\WINDOWS\System32\WindowsPowerShell\v1.0\;C:\WINDOWS\System32\OpenSSH\;C:\Program Files\Intel\WiFi\bin\;C:\Program Files\Common Files\Intel\WirelessCommon\;C:\Program Files\dotnet\;C:\Program Files\Microsoft SQL Server\Client SDK\ODBC\170\Tools\Binn\;C:\Program Files\nodejs\;C:\Program Files (x86)\Microsoft SQL Server\150\Tools\Binn\;C:\Program Files\Microsoft SQL Server\150\Tools\Binn\;C:\Program Files\Microsoft SQL Server\150\DTS\Binn\;C:\Program Files (x86)\Microsoft SQL Server\150\DTS\Binn\;C:\Program Files\Azure Data Studio\bin;C:\Program Files\Microsoft SQL Server\130\Tools\Binn\;C:\Users\Admin\AppData\Local\Microsoft\WindowsApps;C:\Users\Admin\AppData\Local\Programs\Microsoft VS Code\bin;C:\Users\Admin\AppData\Roaming\npm;;C:\Program Files\Azure Data Studio\bin;C:\Users\Admin\.dotnet\tools
USERNAME=Admin
OS=Windows_NT
PROCESSOR_IDENTIFIER=Intel64 Family 6 Model 142 Stepping 11, GenuineIntel



---------------  S Y S T E M  ---------------

OS: Windows 10.0 , 64 bit Build 19041 (10.0.19041.1023)

CPU:total 8 (initial active 8) (4 cores per cpu, 2 threads per core) family 6 model 142 stepping 11, cmov, cx8, fxsr, mmx, sse, sse2, sse3, ssse3, sse4.1, sse4.2, popcnt, avx, avx2, aes, clmul, erms, 3dnowpref, lzcnt, ht, tsc, tscinvbit, bmi1, bmi2, adx

Memory: 4k page, physical 8273204k(267940k free), swap 12369204k(9216k free)

vm_info: OpenJDK 64-Bit Server VM (25.242-b01) for windows-amd64 JRE (1.8.0_242-release-1644-b01), built by "builder" with MS VC++ 10.0 (VS2010)

time: Tue Aug 03 20:51:46 2021
timezone: SE Asia Standard Time
elapsed time: 2860 seconds (0d 0h 47m 40s)

